<?xml version="1.0" encoding="UTF-8"?>
<!-- Generated by org.testng.reporters.JUnitReportReporter -->
<testsuite hostname="DESKTOP-NAB73NK" failures="0" tests="1" name="testcases.WebPageTest" time="34.503" errors="0" timestamp="2023-11-22T23:48:59 IST" skipped="0">
  <testcase classname="testcases.WebPageTest" name="AppTest" time="34.503"/>
</testsuite> <!-- testcases.WebPageTest -->
