<?xml version="1.0" encoding="UTF-8"?>
<!-- Generated by org.testng.reporters.JUnitReportReporter -->
<testsuite hostname="DESKTOP-NAB73NK" failures="0" tests="1" name="testcases.WebPageTest" time="40.024" errors="0" timestamp="2023-11-22T22:32:39 IST" skipped="0">
  <testcase classname="testcases.WebPageTest" name="AppTest" time="40.024"/>
</testsuite> <!-- testcases.WebPageTest -->
